2025-03-23 21:39:05 [scrapy.utils.log] INFO: Scrapy 2.11.1 started (bot: airbnb_scraper)
2025-03-23 21:39:05 [scrapy.utils.log] INFO: Versions: lxml 5.2.1.0, libxml2 2.13.1, cssselect 1.2.0, parsel 1.8.1, w3lib 2.1.2, Twisted 23.10.0, Python 3.12.7 | packaged by Anaconda, Inc. | (main, Oct  4 2024, 08:22:19) [Clang 14.0.6 ], pyOpenSSL 24.2.1 (OpenSSL 3.0.16 11 Feb 2025), cryptography 43.0.0, Platform macOS-14.5-arm64-arm-64bit
2025-03-23 21:39:10 [scrapy.addons] INFO: Enabled addons:
[]
2025-03-23 21:39:10 [scrapy.extensions.telnet] INFO: Telnet Password: 836531fdee58cfdb
2025-03-23 21:39:10 [py.warnings] WARNING: /opt/anaconda3/lib/python3.12/site-packages/scrapy/extensions/feedexport.py:406: ScrapyDeprecationWarning: The `FEED_URI` and `FEED_FORMAT` settings have been deprecated in favor of the `FEEDS` setting. Please see the `FEEDS` setting docs for more details
  exporter = cls(crawler)

2025-03-23 21:39:10 [scrapy.middleware] INFO: Enabled extensions:
['scrapy.extensions.corestats.CoreStats',
 'scrapy.extensions.telnet.TelnetConsole',
 'scrapy.extensions.memusage.MemoryUsage',
 'scrapy.extensions.feedexport.FeedExporter',
 'scrapy.extensions.logstats.LogStats',
 'scrapy.extensions.throttle.AutoThrottle']
2025-03-23 21:39:10 [scrapy.crawler] INFO: Overridden settings:
{'AUTOTHROTTLE_ENABLED': True,
 'BOT_NAME': 'airbnb_scraper',
 'CONCURRENT_REQUESTS': 1,
 'CONCURRENT_REQUESTS_PER_DOMAIN': 1,
 'DOWNLOAD_DELAY': 5,
 'FEED_EXPORT_ENCODING': 'utf-8',
 'LOG_FILE': 'airbnb_scraper.log',
 'LOG_LEVEL': 'INFO',
 'NEWSPIDER_MODULE': 'airbnb_scraper.spiders',
 'REQUEST_FINGERPRINTER_IMPLEMENTATION': '2.7',
 'RETRY_HTTP_CODES': [500, 502, 503, 504, 400, 403, 404, 408, 429],
 'RETRY_TIMES': 5,
 'SPIDER_MODULES': ['airbnb_scraper.spiders'],
 'TWISTED_REACTOR': 'twisted.internet.asyncioreactor.AsyncioSelectorReactor',
 'USER_AGENT': 'Mozilla/5.0 (Macintosh; Intel Mac OS X 10_15_7) '
               'AppleWebKit/537.36 (KHTML, like Gecko) Chrome/120.0.0.0 '
               'Safari/537.36'}
2025-03-23 21:39:11 [scrapy.middleware] INFO: Enabled downloader middlewares:
['scrapy.downloadermiddlewares.retry.RetryMiddleware',
 'scrapy.downloadermiddlewares.httpproxy.HttpProxyMiddleware',
 'scrapy.downloadermiddlewares.httpauth.HttpAuthMiddleware',
 'scrapy.downloadermiddlewares.downloadtimeout.DownloadTimeoutMiddleware',
 'scrapy.downloadermiddlewares.defaultheaders.DefaultHeadersMiddleware',
 'scrapy.downloadermiddlewares.useragent.UserAgentMiddleware',
 'scrapy.downloadermiddlewares.redirect.MetaRefreshMiddleware',
 'scrapy.downloadermiddlewares.httpcompression.HttpCompressionMiddleware',
 'scrapy.downloadermiddlewares.redirect.RedirectMiddleware',
 'scrapy.downloadermiddlewares.cookies.CookiesMiddleware',
 'scrapy.downloadermiddlewares.stats.DownloaderStats']
2025-03-23 21:39:11 [scrapy.middleware] INFO: Enabled spider middlewares:
['scrapy.spidermiddlewares.httperror.HttpErrorMiddleware',
 'scrapy.spidermiddlewares.offsite.OffsiteMiddleware',
 'scrapy.spidermiddlewares.referer.RefererMiddleware',
 'scrapy.spidermiddlewares.urllength.UrlLengthMiddleware',
 'scrapy.spidermiddlewares.depth.DepthMiddleware']
2025-03-23 21:39:11 [scrapy.middleware] INFO: Enabled item pipelines:
['airbnb_scraper.pipelines.AirbnbScraperPipeline']
2025-03-23 21:39:11 [scrapy.core.engine] INFO: Spider opened
2025-03-23 21:39:11 [scrapy.extensions.logstats] INFO: Crawled 0 pages (at 0 pages/min), scraped 0 items (at 0 items/min)
2025-03-23 21:39:11 [scrapy.extensions.telnet] INFO: Telnet console listening on 127.0.0.1:6023
2025-03-23 21:39:12 [ABnB_Spider] INFO: Processing page 1
2025-03-23 21:39:26 [ABnB_Spider] ERROR: Error extracting listing details: Message: no such element: Unable to locate element: {"method":"css selector","selector":"._14y1gc span"}
  (Session info: chrome=134.0.6998.119); For documentation on this error, please visit: https://www.selenium.dev/documentation/webdriver/troubleshooting/errors#no-such-element-exception
Stacktrace:
0   chromedriver                        0x0000000104f836c8 cxxbridge1$str$ptr + 2791212
1   chromedriver                        0x0000000104f7bc9c cxxbridge1$str$ptr + 2759936
2   chromedriver                        0x0000000104acde30 cxxbridge1$string$len + 92928
3   chromedriver                        0x0000000104b15170 cxxbridge1$string$len + 384576
4   chromedriver                        0x0000000104b0a818 cxxbridge1$string$len + 341224
5   chromedriver                        0x0000000104b565f8 cxxbridge1$string$len + 651976
6   chromedriver                        0x0000000104b092fc cxxbridge1$string$len + 335820
7   chromedriver                        0x0000000104f486c4 cxxbridge1$str$ptr + 2549544
8   chromedriver                        0x0000000104f4b988 cxxbridge1$str$ptr + 2562540
9   chromedriver                        0x0000000104f2871c cxxbridge1$str$ptr + 2418560
10  chromedriver                        0x0000000104f4c1e8 cxxbridge1$str$ptr + 2564684
11  chromedriver                        0x0000000104f19750 cxxbridge1$str$ptr + 2357172
12  chromedriver                        0x0000000104f6bf58 cxxbridge1$str$ptr + 2695100
13  chromedriver                        0x0000000104f6c0e0 cxxbridge1$str$ptr + 2695492
14  chromedriver                        0x0000000104f7b910 cxxbridge1$str$ptr + 2759028
15  libsystem_pthread.dylib             0x0000000181dbef94 _pthread_start + 136
16  libsystem_pthread.dylib             0x0000000181db9d34 thread_start + 8

2025-03-23 21:39:26 [ABnB_Spider] ERROR: Error extracting listing details: Message: no such element: Unable to locate element: {"method":"css selector","selector":"._14y1gc span"}
  (Session info: chrome=134.0.6998.119); For documentation on this error, please visit: https://www.selenium.dev/documentation/webdriver/troubleshooting/errors#no-such-element-exception
Stacktrace:
0   chromedriver                        0x0000000104f836c8 cxxbridge1$str$ptr + 2791212
1   chromedriver                        0x0000000104f7bc9c cxxbridge1$str$ptr + 2759936
2   chromedriver                        0x0000000104acde30 cxxbridge1$string$len + 92928
3   chromedriver                        0x0000000104b15170 cxxbridge1$string$len + 384576
4   chromedriver                        0x0000000104b0a818 cxxbridge1$string$len + 341224
5   chromedriver                        0x0000000104b565f8 cxxbridge1$string$len + 651976
6   chromedriver                        0x0000000104b092fc cxxbridge1$string$len + 335820
7   chromedriver                        0x0000000104f486c4 cxxbridge1$str$ptr + 2549544
8   chromedriver                        0x0000000104f4b988 cxxbridge1$str$ptr + 2562540
9   chromedriver                        0x0000000104f2871c cxxbridge1$str$ptr + 2418560
10  chromedriver                        0x0000000104f4c1e8 cxxbridge1$str$ptr + 2564684
11  chromedriver                        0x0000000104f19750 cxxbridge1$str$ptr + 2357172
12  chromedriver                        0x0000000104f6bf58 cxxbridge1$str$ptr + 2695100
13  chromedriver                        0x0000000104f6c0e0 cxxbridge1$str$ptr + 2695492
14  chromedriver                        0x0000000104f7b910 cxxbridge1$str$ptr + 2759028
15  libsystem_pthread.dylib             0x0000000181dbef94 _pthread_start + 136
16  libsystem_pthread.dylib             0x0000000181db9d34 thread_start + 8

2025-03-23 21:39:26 [ABnB_Spider] ERROR: Error extracting listing details: Message: no such element: Unable to locate element: {"method":"css selector","selector":"._14y1gc span"}
  (Session info: chrome=134.0.6998.119); For documentation on this error, please visit: https://www.selenium.dev/documentation/webdriver/troubleshooting/errors#no-such-element-exception
Stacktrace:
0   chromedriver                        0x0000000104f836c8 cxxbridge1$str$ptr + 2791212
1   chromedriver                        0x0000000104f7bc9c cxxbridge1$str$ptr + 2759936
2   chromedriver                        0x0000000104acde30 cxxbridge1$string$len + 92928
3   chromedriver                        0x0000000104b15170 cxxbridge1$string$len + 384576
4   chromedriver                        0x0000000104b0a818 cxxbridge1$string$len + 341224
5   chromedriver                        0x0000000104b565f8 cxxbridge1$string$len + 651976
6   chromedriver                        0x0000000104b092fc cxxbridge1$string$len + 335820
7   chromedriver                        0x0000000104f486c4 cxxbridge1$str$ptr + 2549544
8   chromedriver                        0x0000000104f4b988 cxxbridge1$str$ptr + 2562540
9   chromedriver                        0x0000000104f2871c cxxbridge1$str$ptr + 2418560
10  chromedriver                        0x0000000104f4c1e8 cxxbridge1$str$ptr + 2564684
11  chromedriver                        0x0000000104f19750 cxxbridge1$str$ptr + 2357172
12  chromedriver                        0x0000000104f6bf58 cxxbridge1$str$ptr + 2695100
13  chromedriver                        0x0000000104f6c0e0 cxxbridge1$str$ptr + 2695492
14  chromedriver                        0x0000000104f7b910 cxxbridge1$str$ptr + 2759028
15  libsystem_pthread.dylib             0x0000000181dbef94 _pthread_start + 136
16  libsystem_pthread.dylib             0x0000000181db9d34 thread_start + 8

2025-03-23 21:39:26 [ABnB_Spider] ERROR: Error extracting listing details: Message: no such element: Unable to locate element: {"method":"css selector","selector":"._14y1gc span"}
  (Session info: chrome=134.0.6998.119); For documentation on this error, please visit: https://www.selenium.dev/documentation/webdriver/troubleshooting/errors#no-such-element-exception
Stacktrace:
0   chromedriver                        0x0000000104f836c8 cxxbridge1$str$ptr + 2791212
1   chromedriver                        0x0000000104f7bc9c cxxbridge1$str$ptr + 2759936
2   chromedriver                        0x0000000104acde30 cxxbridge1$string$len + 92928
3   chromedriver                        0x0000000104b15170 cxxbridge1$string$len + 384576
4   chromedriver                        0x0000000104b0a818 cxxbridge1$string$len + 341224
5   chromedriver                        0x0000000104b565f8 cxxbridge1$string$len + 651976
6   chromedriver                        0x0000000104b092fc cxxbridge1$string$len + 335820
7   chromedriver                        0x0000000104f486c4 cxxbridge1$str$ptr + 2549544
8   chromedriver                        0x0000000104f4b988 cxxbridge1$str$ptr + 2562540
9   chromedriver                        0x0000000104f2871c cxxbridge1$str$ptr + 2418560
10  chromedriver                        0x0000000104f4c1e8 cxxbridge1$str$ptr + 2564684
11  chromedriver                        0x0000000104f19750 cxxbridge1$str$ptr + 2357172
12  chromedriver                        0x0000000104f6bf58 cxxbridge1$str$ptr + 2695100
13  chromedriver                        0x0000000104f6c0e0 cxxbridge1$str$ptr + 2695492
14  chromedriver                        0x0000000104f7b910 cxxbridge1$str$ptr + 2759028
15  libsystem_pthread.dylib             0x0000000181dbef94 _pthread_start + 136
16  libsystem_pthread.dylib             0x0000000181db9d34 thread_start + 8

2025-03-23 21:39:26 [ABnB_Spider] ERROR: Error extracting listing details: Message: no such element: Unable to locate element: {"method":"css selector","selector":"._14y1gc span"}
  (Session info: chrome=134.0.6998.119); For documentation on this error, please visit: https://www.selenium.dev/documentation/webdriver/troubleshooting/errors#no-such-element-exception
Stacktrace:
0   chromedriver                        0x0000000104f836c8 cxxbridge1$str$ptr + 2791212
1   chromedriver                        0x0000000104f7bc9c cxxbridge1$str$ptr + 2759936
2   chromedriver                        0x0000000104acde30 cxxbridge1$string$len + 92928
3   chromedriver                        0x0000000104b15170 cxxbridge1$string$len + 384576
4   chromedriver                        0x0000000104b0a818 cxxbridge1$string$len + 341224
5   chromedriver                        0x0000000104b565f8 cxxbridge1$string$len + 651976
6   chromedriver                        0x0000000104b092fc cxxbridge1$string$len + 335820
7   chromedriver                        0x0000000104f486c4 cxxbridge1$str$ptr + 2549544
8   chromedriver                        0x0000000104f4b988 cxxbridge1$str$ptr + 2562540
9   chromedriver                        0x0000000104f2871c cxxbridge1$str$ptr + 2418560
10  chromedriver                        0x0000000104f4c1e8 cxxbridge1$str$ptr + 2564684
11  chromedriver                        0x0000000104f19750 cxxbridge1$str$ptr + 2357172
12  chromedriver                        0x0000000104f6bf58 cxxbridge1$str$ptr + 2695100
13  chromedriver                        0x0000000104f6c0e0 cxxbridge1$str$ptr + 2695492
14  chromedriver                        0x0000000104f7b910 cxxbridge1$str$ptr + 2759028
15  libsystem_pthread.dylib             0x0000000181dbef94 _pthread_start + 136
16  libsystem_pthread.dylib             0x0000000181db9d34 thread_start + 8

2025-03-23 21:39:26 [ABnB_Spider] ERROR: Error extracting listing details: Message: no such element: Unable to locate element: {"method":"css selector","selector":"._14y1gc span"}
  (Session info: chrome=134.0.6998.119); For documentation on this error, please visit: https://www.selenium.dev/documentation/webdriver/troubleshooting/errors#no-such-element-exception
Stacktrace:
0   chromedriver                        0x0000000104f836c8 cxxbridge1$str$ptr + 2791212
1   chromedriver                        0x0000000104f7bc9c cxxbridge1$str$ptr + 2759936
2   chromedriver                        0x0000000104acde30 cxxbridge1$string$len + 92928
3   chromedriver                        0x0000000104b15170 cxxbridge1$string$len + 384576
4   chromedriver                        0x0000000104b0a818 cxxbridge1$string$len + 341224
5   chromedriver                        0x0000000104b565f8 cxxbridge1$string$len + 651976
6   chromedriver                        0x0000000104b092fc cxxbridge1$string$len + 335820
7   chromedriver                        0x0000000104f486c4 cxxbridge1$str$ptr + 2549544
8   chromedriver                        0x0000000104f4b988 cxxbridge1$str$ptr + 2562540
9   chromedriver                        0x0000000104f2871c cxxbridge1$str$ptr + 2418560
10  chromedriver                        0x0000000104f4c1e8 cxxbridge1$str$ptr + 2564684
11  chromedriver                        0x0000000104f19750 cxxbridge1$str$ptr + 2357172
12  chromedriver                        0x0000000104f6bf58 cxxbridge1$str$ptr + 2695100
13  chromedriver                        0x0000000104f6c0e0 cxxbridge1$str$ptr + 2695492
14  chromedriver                        0x0000000104f7b910 cxxbridge1$str$ptr + 2759028
15  libsystem_pthread.dylib             0x0000000181dbef94 _pthread_start + 136
16  libsystem_pthread.dylib             0x0000000181db9d34 thread_start + 8

2025-03-23 21:39:26 [ABnB_Spider] ERROR: Error extracting listing details: Message: no such element: Unable to locate element: {"method":"css selector","selector":"._14y1gc span"}
  (Session info: chrome=134.0.6998.119); For documentation on this error, please visit: https://www.selenium.dev/documentation/webdriver/troubleshooting/errors#no-such-element-exception
Stacktrace:
0   chromedriver                        0x0000000104f836c8 cxxbridge1$str$ptr + 2791212
1   chromedriver                        0x0000000104f7bc9c cxxbridge1$str$ptr + 2759936
2   chromedriver                        0x0000000104acde30 cxxbridge1$string$len + 92928
3   chromedriver                        0x0000000104b15170 cxxbridge1$string$len + 384576
4   chromedriver                        0x0000000104b0a818 cxxbridge1$string$len + 341224
5   chromedriver                        0x0000000104b565f8 cxxbridge1$string$len + 651976
6   chromedriver                        0x0000000104b092fc cxxbridge1$string$len + 335820
7   chromedriver                        0x0000000104f486c4 cxxbridge1$str$ptr + 2549544
8   chromedriver                        0x0000000104f4b988 cxxbridge1$str$ptr + 2562540
9   chromedriver                        0x0000000104f2871c cxxbridge1$str$ptr + 2418560
10  chromedriver                        0x0000000104f4c1e8 cxxbridge1$str$ptr + 2564684
11  chromedriver                        0x0000000104f19750 cxxbridge1$str$ptr + 2357172
12  chromedriver                        0x0000000104f6bf58 cxxbridge1$str$ptr + 2695100
13  chromedriver                        0x0000000104f6c0e0 cxxbridge1$str$ptr + 2695492
14  chromedriver                        0x0000000104f7b910 cxxbridge1$str$ptr + 2759028
15  libsystem_pthread.dylib             0x0000000181dbef94 _pthread_start + 136
16  libsystem_pthread.dylib             0x0000000181db9d34 thread_start + 8

2025-03-23 21:39:26 [ABnB_Spider] ERROR: Error extracting listing details: Message: no such element: Unable to locate element: {"method":"css selector","selector":"._14y1gc span"}
  (Session info: chrome=134.0.6998.119); For documentation on this error, please visit: https://www.selenium.dev/documentation/webdriver/troubleshooting/errors#no-such-element-exception
Stacktrace:
0   chromedriver                        0x0000000104f836c8 cxxbridge1$str$ptr + 2791212
1   chromedriver                        0x0000000104f7bc9c cxxbridge1$str$ptr + 2759936
2   chromedriver                        0x0000000104acde30 cxxbridge1$string$len + 92928
3   chromedriver                        0x0000000104b15170 cxxbridge1$string$len + 384576
4   chromedriver                        0x0000000104b0a818 cxxbridge1$string$len + 341224
5   chromedriver                        0x0000000104b565f8 cxxbridge1$string$len + 651976
6   chromedriver                        0x0000000104b092fc cxxbridge1$string$len + 335820
7   chromedriver                        0x0000000104f486c4 cxxbridge1$str$ptr + 2549544
8   chromedriver                        0x0000000104f4b988 cxxbridge1$str$ptr + 2562540
9   chromedriver                        0x0000000104f2871c cxxbridge1$str$ptr + 2418560
10  chromedriver                        0x0000000104f4c1e8 cxxbridge1$str$ptr + 2564684
11  chromedriver                        0x0000000104f19750 cxxbridge1$str$ptr + 2357172
12  chromedriver                        0x0000000104f6bf58 cxxbridge1$str$ptr + 2695100
13  chromedriver                        0x0000000104f6c0e0 cxxbridge1$str$ptr + 2695492
14  chromedriver                        0x0000000104f7b910 cxxbridge1$str$ptr + 2759028
15  libsystem_pthread.dylib             0x0000000181dbef94 _pthread_start + 136
16  libsystem_pthread.dylib             0x0000000181db9d34 thread_start + 8

2025-03-23 21:39:26 [ABnB_Spider] ERROR: Error extracting listing details: Message: no such element: Unable to locate element: {"method":"css selector","selector":"._14y1gc span"}
  (Session info: chrome=134.0.6998.119); For documentation on this error, please visit: https://www.selenium.dev/documentation/webdriver/troubleshooting/errors#no-such-element-exception
Stacktrace:
0   chromedriver                        0x0000000104f836c8 cxxbridge1$str$ptr + 2791212
1   chromedriver                        0x0000000104f7bc9c cxxbridge1$str$ptr + 2759936
2   chromedriver                        0x0000000104acde30 cxxbridge1$string$len + 92928
3   chromedriver                        0x0000000104b15170 cxxbridge1$string$len + 384576
4   chromedriver                        0x0000000104b0a818 cxxbridge1$string$len + 341224
5   chromedriver                        0x0000000104b565f8 cxxbridge1$string$len + 651976
6   chromedriver                        0x0000000104b092fc cxxbridge1$string$len + 335820
7   chromedriver                        0x0000000104f486c4 cxxbridge1$str$ptr + 2549544
8   chromedriver                        0x0000000104f4b988 cxxbridge1$str$ptr + 2562540
9   chromedriver                        0x0000000104f2871c cxxbridge1$str$ptr + 2418560
10  chromedriver                        0x0000000104f4c1e8 cxxbridge1$str$ptr + 2564684
11  chromedriver                        0x0000000104f19750 cxxbridge1$str$ptr + 2357172
12  chromedriver                        0x0000000104f6bf58 cxxbridge1$str$ptr + 2695100
13  chromedriver                        0x0000000104f6c0e0 cxxbridge1$str$ptr + 2695492
14  chromedriver                        0x0000000104f7b910 cxxbridge1$str$ptr + 2759028
15  libsystem_pthread.dylib             0x0000000181dbef94 _pthread_start + 136
16  libsystem_pthread.dylib             0x0000000181db9d34 thread_start + 8

2025-03-23 21:39:26 [ABnB_Spider] ERROR: Error extracting listing details: Message: no such element: Unable to locate element: {"method":"css selector","selector":"._14y1gc span"}
  (Session info: chrome=134.0.6998.119); For documentation on this error, please visit: https://www.selenium.dev/documentation/webdriver/troubleshooting/errors#no-such-element-exception
Stacktrace:
0   chromedriver                        0x0000000104f836c8 cxxbridge1$str$ptr + 2791212
1   chromedriver                        0x0000000104f7bc9c cxxbridge1$str$ptr + 2759936
2   chromedriver                        0x0000000104acde30 cxxbridge1$string$len + 92928
3   chromedriver                        0x0000000104b15170 cxxbridge1$string$len + 384576
4   chromedriver                        0x0000000104b0a818 cxxbridge1$string$len + 341224
5   chromedriver                        0x0000000104b565f8 cxxbridge1$string$len + 651976
6   chromedriver                        0x0000000104b092fc cxxbridge1$string$len + 335820
7   chromedriver                        0x0000000104f486c4 cxxbridge1$str$ptr + 2549544
8   chromedriver                        0x0000000104f4b988 cxxbridge1$str$ptr + 2562540
9   chromedriver                        0x0000000104f2871c cxxbridge1$str$ptr + 2418560
10  chromedriver                        0x0000000104f4c1e8 cxxbridge1$str$ptr + 2564684
11  chromedriver                        0x0000000104f19750 cxxbridge1$str$ptr + 2357172
12  chromedriver                        0x0000000104f6bf58 cxxbridge1$str$ptr + 2695100
13  chromedriver                        0x0000000104f6c0e0 cxxbridge1$str$ptr + 2695492
14  chromedriver                        0x0000000104f7b910 cxxbridge1$str$ptr + 2759028
15  libsystem_pthread.dylib             0x0000000181dbef94 _pthread_start + 136
16  libsystem_pthread.dylib             0x0000000181db9d34 thread_start + 8

2025-03-23 21:39:26 [ABnB_Spider] ERROR: Error extracting listing details: Message: no such element: Unable to locate element: {"method":"css selector","selector":"._14y1gc span"}
  (Session info: chrome=134.0.6998.119); For documentation on this error, please visit: https://www.selenium.dev/documentation/webdriver/troubleshooting/errors#no-such-element-exception
Stacktrace:
0   chromedriver                        0x0000000104f836c8 cxxbridge1$str$ptr + 2791212
1   chromedriver                        0x0000000104f7bc9c cxxbridge1$str$ptr + 2759936
2   chromedriver                        0x0000000104acde30 cxxbridge1$string$len + 92928
3   chromedriver                        0x0000000104b15170 cxxbridge1$string$len + 384576
4   chromedriver                        0x0000000104b0a818 cxxbridge1$string$len + 341224
5   chromedriver                        0x0000000104b565f8 cxxbridge1$string$len + 651976
6   chromedriver                        0x0000000104b092fc cxxbridge1$string$len + 335820
7   chromedriver                        0x0000000104f486c4 cxxbridge1$str$ptr + 2549544
8   chromedriver                        0x0000000104f4b988 cxxbridge1$str$ptr + 2562540
9   chromedriver                        0x0000000104f2871c cxxbridge1$str$ptr + 2418560
10  chromedriver                        0x0000000104f4c1e8 cxxbridge1$str$ptr + 2564684
11  chromedriver                        0x0000000104f19750 cxxbridge1$str$ptr + 2357172
12  chromedriver                        0x0000000104f6bf58 cxxbridge1$str$ptr + 2695100
13  chromedriver                        0x0000000104f6c0e0 cxxbridge1$str$ptr + 2695492
14  chromedriver                        0x0000000104f7b910 cxxbridge1$str$ptr + 2759028
15  libsystem_pthread.dylib             0x0000000181dbef94 _pthread_start + 136
16  libsystem_pthread.dylib             0x0000000181db9d34 thread_start + 8

2025-03-23 21:39:26 [ABnB_Spider] ERROR: Error extracting listing details: Message: no such element: Unable to locate element: {"method":"css selector","selector":"._14y1gc span"}
  (Session info: chrome=134.0.6998.119); For documentation on this error, please visit: https://www.selenium.dev/documentation/webdriver/troubleshooting/errors#no-such-element-exception
Stacktrace:
0   chromedriver                        0x0000000104f836c8 cxxbridge1$str$ptr + 2791212
1   chromedriver                        0x0000000104f7bc9c cxxbridge1$str$ptr + 2759936
2   chromedriver                        0x0000000104acde30 cxxbridge1$string$len + 92928
3   chromedriver                        0x0000000104b15170 cxxbridge1$string$len + 384576
4   chromedriver                        0x0000000104b0a818 cxxbridge1$string$len + 341224
5   chromedriver                        0x0000000104b565f8 cxxbridge1$string$len + 651976
6   chromedriver                        0x0000000104b092fc cxxbridge1$string$len + 335820
7   chromedriver                        0x0000000104f486c4 cxxbridge1$str$ptr + 2549544
8   chromedriver                        0x0000000104f4b988 cxxbridge1$str$ptr + 2562540
9   chromedriver                        0x0000000104f2871c cxxbridge1$str$ptr + 2418560
10  chromedriver                        0x0000000104f4c1e8 cxxbridge1$str$ptr + 2564684
11  chromedriver                        0x0000000104f19750 cxxbridge1$str$ptr + 2357172
12  chromedriver                        0x0000000104f6bf58 cxxbridge1$str$ptr + 2695100
13  chromedriver                        0x0000000104f6c0e0 cxxbridge1$str$ptr + 2695492
14  chromedriver                        0x0000000104f7b910 cxxbridge1$str$ptr + 2759028
15  libsystem_pthread.dylib             0x0000000181dbef94 _pthread_start + 136
16  libsystem_pthread.dylib             0x0000000181db9d34 thread_start + 8

2025-03-23 21:39:26 [ABnB_Spider] ERROR: Error extracting listing details: Message: no such element: Unable to locate element: {"method":"css selector","selector":"._14y1gc span"}
  (Session info: chrome=134.0.6998.119); For documentation on this error, please visit: https://www.selenium.dev/documentation/webdriver/troubleshooting/errors#no-such-element-exception
Stacktrace:
0   chromedriver                        0x0000000104f836c8 cxxbridge1$str$ptr + 2791212
1   chromedriver                        0x0000000104f7bc9c cxxbridge1$str$ptr + 2759936
2   chromedriver                        0x0000000104acde30 cxxbridge1$string$len + 92928
3   chromedriver                        0x0000000104b15170 cxxbridge1$string$len + 384576
4   chromedriver                        0x0000000104b0a818 cxxbridge1$string$len + 341224
5   chromedriver                        0x0000000104b565f8 cxxbridge1$string$len + 651976
6   chromedriver                        0x0000000104b092fc cxxbridge1$string$len + 335820
7   chromedriver                        0x0000000104f486c4 cxxbridge1$str$ptr + 2549544
8   chromedriver                        0x0000000104f4b988 cxxbridge1$str$ptr + 2562540
9   chromedriver                        0x0000000104f2871c cxxbridge1$str$ptr + 2418560
10  chromedriver                        0x0000000104f4c1e8 cxxbridge1$str$ptr + 2564684
11  chromedriver                        0x0000000104f19750 cxxbridge1$str$ptr + 2357172
12  chromedriver                        0x0000000104f6bf58 cxxbridge1$str$ptr + 2695100
13  chromedriver                        0x0000000104f6c0e0 cxxbridge1$str$ptr + 2695492
14  chromedriver                        0x0000000104f7b910 cxxbridge1$str$ptr + 2759028
15  libsystem_pthread.dylib             0x0000000181dbef94 _pthread_start + 136
16  libsystem_pthread.dylib             0x0000000181db9d34 thread_start + 8

2025-03-23 21:39:27 [ABnB_Spider] ERROR: Error extracting listing details: Message: no such element: Unable to locate element: {"method":"css selector","selector":"._14y1gc span"}
  (Session info: chrome=134.0.6998.119); For documentation on this error, please visit: https://www.selenium.dev/documentation/webdriver/troubleshooting/errors#no-such-element-exception
Stacktrace:
0   chromedriver                        0x0000000104f836c8 cxxbridge1$str$ptr + 2791212
1   chromedriver                        0x0000000104f7bc9c cxxbridge1$str$ptr + 2759936
2   chromedriver                        0x0000000104acde30 cxxbridge1$string$len + 92928
3   chromedriver                        0x0000000104b15170 cxxbridge1$string$len + 384576
4   chromedriver                        0x0000000104b0a818 cxxbridge1$string$len + 341224
5   chromedriver                        0x0000000104b565f8 cxxbridge1$string$len + 651976
6   chromedriver                        0x0000000104b092fc cxxbridge1$string$len + 335820
7   chromedriver                        0x0000000104f486c4 cxxbridge1$str$ptr + 2549544
8   chromedriver                        0x0000000104f4b988 cxxbridge1$str$ptr + 2562540
9   chromedriver                        0x0000000104f2871c cxxbridge1$str$ptr + 2418560
10  chromedriver                        0x0000000104f4c1e8 cxxbridge1$str$ptr + 2564684
11  chromedriver                        0x0000000104f19750 cxxbridge1$str$ptr + 2357172
12  chromedriver                        0x0000000104f6bf58 cxxbridge1$str$ptr + 2695100
13  chromedriver                        0x0000000104f6c0e0 cxxbridge1$str$ptr + 2695492
14  chromedriver                        0x0000000104f7b910 cxxbridge1$str$ptr + 2759028
15  libsystem_pthread.dylib             0x0000000181dbef94 _pthread_start + 136
16  libsystem_pthread.dylib             0x0000000181db9d34 thread_start + 8

2025-03-23 21:39:27 [ABnB_Spider] ERROR: Error extracting listing details: Message: no such element: Unable to locate element: {"method":"css selector","selector":"._14y1gc span"}
  (Session info: chrome=134.0.6998.119); For documentation on this error, please visit: https://www.selenium.dev/documentation/webdriver/troubleshooting/errors#no-such-element-exception
Stacktrace:
0   chromedriver                        0x0000000104f836c8 cxxbridge1$str$ptr + 2791212
1   chromedriver                        0x0000000104f7bc9c cxxbridge1$str$ptr + 2759936
2   chromedriver                        0x0000000104acde30 cxxbridge1$string$len + 92928
3   chromedriver                        0x0000000104b15170 cxxbridge1$string$len + 384576
4   chromedriver                        0x0000000104b0a818 cxxbridge1$string$len + 341224
5   chromedriver                        0x0000000104b565f8 cxxbridge1$string$len + 651976
6   chromedriver                        0x0000000104b092fc cxxbridge1$string$len + 335820
7   chromedriver                        0x0000000104f486c4 cxxbridge1$str$ptr + 2549544
8   chromedriver                        0x0000000104f4b988 cxxbridge1$str$ptr + 2562540
9   chromedriver                        0x0000000104f2871c cxxbridge1$str$ptr + 2418560
10  chromedriver                        0x0000000104f4c1e8 cxxbridge1$str$ptr + 2564684
11  chromedriver                        0x0000000104f19750 cxxbridge1$str$ptr + 2357172
12  chromedriver                        0x0000000104f6bf58 cxxbridge1$str$ptr + 2695100
13  chromedriver                        0x0000000104f6c0e0 cxxbridge1$str$ptr + 2695492
14  chromedriver                        0x0000000104f7b910 cxxbridge1$str$ptr + 2759028
15  libsystem_pthread.dylib             0x0000000181dbef94 _pthread_start + 136
16  libsystem_pthread.dylib             0x0000000181db9d34 thread_start + 8

2025-03-23 21:39:27 [ABnB_Spider] ERROR: Error extracting listing details: Message: no such element: Unable to locate element: {"method":"css selector","selector":"._14y1gc span"}
  (Session info: chrome=134.0.6998.119); For documentation on this error, please visit: https://www.selenium.dev/documentation/webdriver/troubleshooting/errors#no-such-element-exception
Stacktrace:
0   chromedriver                        0x0000000104f836c8 cxxbridge1$str$ptr + 2791212
1   chromedriver                        0x0000000104f7bc9c cxxbridge1$str$ptr + 2759936
2   chromedriver                        0x0000000104acde30 cxxbridge1$string$len + 92928
3   chromedriver                        0x0000000104b15170 cxxbridge1$string$len + 384576
4   chromedriver                        0x0000000104b0a818 cxxbridge1$string$len + 341224
5   chromedriver                        0x0000000104b565f8 cxxbridge1$string$len + 651976
6   chromedriver                        0x0000000104b092fc cxxbridge1$string$len + 335820
7   chromedriver                        0x0000000104f486c4 cxxbridge1$str$ptr + 2549544
8   chromedriver                        0x0000000104f4b988 cxxbridge1$str$ptr + 2562540
9   chromedriver                        0x0000000104f2871c cxxbridge1$str$ptr + 2418560
10  chromedriver                        0x0000000104f4c1e8 cxxbridge1$str$ptr + 2564684
11  chromedriver                        0x0000000104f19750 cxxbridge1$str$ptr + 2357172
12  chromedriver                        0x0000000104f6bf58 cxxbridge1$str$ptr + 2695100
13  chromedriver                        0x0000000104f6c0e0 cxxbridge1$str$ptr + 2695492
14  chromedriver                        0x0000000104f7b910 cxxbridge1$str$ptr + 2759028
15  libsystem_pthread.dylib             0x0000000181dbef94 _pthread_start + 136
16  libsystem_pthread.dylib             0x0000000181db9d34 thread_start + 8

2025-03-23 21:39:27 [ABnB_Spider] ERROR: Error extracting listing details: Message: no such element: Unable to locate element: {"method":"css selector","selector":"._14y1gc span"}
  (Session info: chrome=134.0.6998.119); For documentation on this error, please visit: https://www.selenium.dev/documentation/webdriver/troubleshooting/errors#no-such-element-exception
Stacktrace:
0   chromedriver                        0x0000000104f836c8 cxxbridge1$str$ptr + 2791212
1   chromedriver                        0x0000000104f7bc9c cxxbridge1$str$ptr + 2759936
2   chromedriver                        0x0000000104acde30 cxxbridge1$string$len + 92928
3   chromedriver                        0x0000000104b15170 cxxbridge1$string$len + 384576
4   chromedriver                        0x0000000104b0a818 cxxbridge1$string$len + 341224
5   chromedriver                        0x0000000104b565f8 cxxbridge1$string$len + 651976
6   chromedriver                        0x0000000104b092fc cxxbridge1$string$len + 335820
7   chromedriver                        0x0000000104f486c4 cxxbridge1$str$ptr + 2549544
8   chromedriver                        0x0000000104f4b988 cxxbridge1$str$ptr + 2562540
9   chromedriver                        0x0000000104f2871c cxxbridge1$str$ptr + 2418560
10  chromedriver                        0x0000000104f4c1e8 cxxbridge1$str$ptr + 2564684
11  chromedriver                        0x0000000104f19750 cxxbridge1$str$ptr + 2357172
12  chromedriver                        0x0000000104f6bf58 cxxbridge1$str$ptr + 2695100
13  chromedriver                        0x0000000104f6c0e0 cxxbridge1$str$ptr + 2695492
14  chromedriver                        0x0000000104f7b910 cxxbridge1$str$ptr + 2759028
15  libsystem_pthread.dylib             0x0000000181dbef94 _pthread_start + 136
16  libsystem_pthread.dylib             0x0000000181db9d34 thread_start + 8

2025-03-23 21:39:27 [ABnB_Spider] ERROR: Error extracting listing details: Message: no such element: Unable to locate element: {"method":"css selector","selector":"._14y1gc span"}
  (Session info: chrome=134.0.6998.119); For documentation on this error, please visit: https://www.selenium.dev/documentation/webdriver/troubleshooting/errors#no-such-element-exception
Stacktrace:
0   chromedriver                        0x0000000104f836c8 cxxbridge1$str$ptr + 2791212
1   chromedriver                        0x0000000104f7bc9c cxxbridge1$str$ptr + 2759936
2   chromedriver                        0x0000000104acde30 cxxbridge1$string$len + 92928
3   chromedriver                        0x0000000104b15170 cxxbridge1$string$len + 384576
4   chromedriver                        0x0000000104b0a818 cxxbridge1$string$len + 341224
5   chromedriver                        0x0000000104b565f8 cxxbridge1$string$len + 651976
6   chromedriver                        0x0000000104b092fc cxxbridge1$string$len + 335820
7   chromedriver                        0x0000000104f486c4 cxxbridge1$str$ptr + 2549544
8   chromedriver                        0x0000000104f4b988 cxxbridge1$str$ptr + 2562540
9   chromedriver                        0x0000000104f2871c cxxbridge1$str$ptr + 2418560
10  chromedriver                        0x0000000104f4c1e8 cxxbridge1$str$ptr + 2564684
11  chromedriver                        0x0000000104f19750 cxxbridge1$str$ptr + 2357172
12  chromedriver                        0x0000000104f6bf58 cxxbridge1$str$ptr + 2695100
13  chromedriver                        0x0000000104f6c0e0 cxxbridge1$str$ptr + 2695492
14  chromedriver                        0x0000000104f7b910 cxxbridge1$str$ptr + 2759028
15  libsystem_pthread.dylib             0x0000000181dbef94 _pthread_start + 136
16  libsystem_pthread.dylib             0x0000000181db9d34 thread_start + 8

2025-03-23 21:39:37 [ABnB_Spider] INFO: No more pages to scrape
2025-03-23 21:39:37 [scrapy.core.engine] INFO: Closing spider (finished)
2025-03-23 21:39:37 [scrapy.extensions.feedexport] INFO: Stored csv feed (0 items) in: airbnb_listings_2025-03-23T20-39-11+00-00.csv
2025-03-23 21:39:37 [scrapy.statscollectors] INFO: Dumping Scrapy stats:
{'downloader/request_bytes': 383,
 'downloader/request_count': 1,
 'downloader/request_method_count/GET': 1,
 'downloader/response_bytes': 94420,
 'downloader/response_count': 1,
 'downloader/response_status_count/200': 1,
 'elapsed_time_seconds': 26.474469,
 'feedexport/success_count/FileFeedStorage': 1,
 'finish_reason': 'finished',
 'finish_time': datetime.datetime(2025, 3, 23, 20, 39, 37, 643916, tzinfo=datetime.timezone.utc),
 'httpcompression/response_bytes': 751755,
 'httpcompression/response_count': 1,
 'log_count/ERROR': 18,
 'log_count/INFO': 13,
 'log_count/WARNING': 1,
 'memusage/max': 60981248,
 'memusage/startup': 60981248,
 'response_received_count': 1,
 'scheduler/dequeued': 1,
 'scheduler/dequeued/memory': 1,
 'scheduler/enqueued': 1,
 'scheduler/enqueued/memory': 1,
 'start_time': datetime.datetime(2025, 3, 23, 20, 39, 11, 169447, tzinfo=datetime.timezone.utc)}
2025-03-23 21:39:37 [scrapy.core.engine] INFO: Spider closed (finished)
2025-03-23 22:07:30 [scrapy.utils.log] INFO: Scrapy 2.11.0 started (bot: airbnb_scraper)
2025-03-23 22:07:30 [scrapy.utils.log] INFO: Versions: lxml 5.2.1.0, libxml2 2.13.1, cssselect 1.2.0, parsel 1.8.1, w3lib 2.1.2, Twisted 22.10.0, Python 3.12.7 | packaged by Anaconda, Inc. | (main, Oct  4 2024, 08:22:19) [Clang 14.0.6 ], pyOpenSSL 24.2.1 (OpenSSL 3.0.16 11 Feb 2025), cryptography 43.0.0, Platform macOS-14.5-arm64-arm-64bit
2025-03-23 22:07:34 [scrapy.addons] INFO: Enabled addons:
[]
2025-03-23 22:07:34 [scrapy.extensions.telnet] INFO: Telnet Password: ea2d4adbed5dc30e
2025-03-23 22:07:34 [py.warnings] WARNING: /opt/anaconda3/lib/python3.12/site-packages/scrapy/extensions/feedexport.py:406: ScrapyDeprecationWarning: The `FEED_URI` and `FEED_FORMAT` settings have been deprecated in favor of the `FEEDS` setting. Please see the `FEEDS` setting docs for more details
  exporter = cls(crawler)

2025-03-23 22:07:34 [scrapy.middleware] INFO: Enabled extensions:
['scrapy.extensions.corestats.CoreStats',
 'scrapy.extensions.telnet.TelnetConsole',
 'scrapy.extensions.memusage.MemoryUsage',
 'scrapy.extensions.feedexport.FeedExporter',
 'scrapy.extensions.logstats.LogStats',
 'scrapy.extensions.throttle.AutoThrottle']
2025-03-23 22:07:34 [scrapy.crawler] INFO: Overridden settings:
{'AUTOTHROTTLE_ENABLED': True,
 'BOT_NAME': 'airbnb_scraper',
 'CONCURRENT_REQUESTS': 1,
 'CONCURRENT_REQUESTS_PER_DOMAIN': 1,
 'DOWNLOAD_DELAY': 5,
 'FEED_EXPORT_ENCODING': 'utf-8',
 'LOG_FILE': 'airbnb_scraper.log',
 'LOG_LEVEL': 'INFO',
 'NEWSPIDER_MODULE': 'airbnb_scraper.spiders',
 'REQUEST_FINGERPRINTER_IMPLEMENTATION': '2.7',
 'RETRY_HTTP_CODES': [500, 502, 503, 504, 400, 403, 404, 408, 429],
 'RETRY_TIMES': 5,
 'SPIDER_MODULES': ['airbnb_scraper.spiders'],
 'TWISTED_REACTOR': 'twisted.internet.asyncioreactor.AsyncioSelectorReactor',
 'USER_AGENT': 'Mozilla/5.0 (Macintosh; Intel Mac OS X 10_15_7) '
               'AppleWebKit/537.36 (KHTML, like Gecko) Chrome/120.0.0.0 '
               'Safari/537.36'}
2025-03-23 22:07:34 [scrapy.middleware] INFO: Enabled downloader middlewares:
['scrapy.downloadermiddlewares.retry.RetryMiddleware',
 'scrapy.downloadermiddlewares.httpproxy.HttpProxyMiddleware',
 'scrapy.downloadermiddlewares.httpauth.HttpAuthMiddleware',
 'scrapy.downloadermiddlewares.downloadtimeout.DownloadTimeoutMiddleware',
 'scrapy.downloadermiddlewares.defaultheaders.DefaultHeadersMiddleware',
 'scrapy.downloadermiddlewares.useragent.UserAgentMiddleware',
 'scrapy.downloadermiddlewares.redirect.MetaRefreshMiddleware',
 'scrapy.downloadermiddlewares.httpcompression.HttpCompressionMiddleware',
 'scrapy.downloadermiddlewares.redirect.RedirectMiddleware',
 'scrapy.downloadermiddlewares.cookies.CookiesMiddleware',
 'scrapy.downloadermiddlewares.stats.DownloaderStats']
2025-03-23 22:07:34 [scrapy.middleware] INFO: Enabled spider middlewares:
['scrapy.spidermiddlewares.httperror.HttpErrorMiddleware',
 'scrapy.spidermiddlewares.offsite.OffsiteMiddleware',
 'scrapy.spidermiddlewares.referer.RefererMiddleware',
 'scrapy.spidermiddlewares.urllength.UrlLengthMiddleware',
 'scrapy.spidermiddlewares.depth.DepthMiddleware']
2025-03-23 22:07:34 [scrapy.middleware] INFO: Enabled item pipelines:
['airbnb_scraper.pipelines.AirbnbScraperPipeline']
2025-03-23 22:07:34 [scrapy.core.engine] INFO: Spider opened
2025-03-23 22:07:34 [scrapy.extensions.logstats] INFO: Crawled 0 pages (at 0 pages/min), scraped 0 items (at 0 items/min)
2025-03-23 22:07:34 [scrapy.extensions.telnet] INFO: Telnet console listening on 127.0.0.1:6023
2025-03-23 22:07:36 [ABnB_Spider] INFO: Processing page 1
2025-03-23 22:07:48 [ABnB_Spider] INFO: Found 18 listings on page 1
2025-03-23 22:07:48 [ABnB_Spider] WARNING: Could not find listing URL
2025-03-23 22:07:48 [ABnB_Spider] WARNING: Could not find listing URL
2025-03-23 22:07:48 [ABnB_Spider] WARNING: Could not find listing URL
2025-03-23 22:07:48 [ABnB_Spider] WARNING: Could not find listing URL
2025-03-23 22:07:48 [ABnB_Spider] WARNING: Could not find listing URL
2025-03-23 22:07:48 [ABnB_Spider] WARNING: Could not find listing URL
2025-03-23 22:07:48 [ABnB_Spider] WARNING: Could not find listing URL
2025-03-23 22:07:48 [ABnB_Spider] WARNING: Could not find listing URL
2025-03-23 22:07:48 [ABnB_Spider] WARNING: Could not find listing URL
2025-03-23 22:07:49 [ABnB_Spider] WARNING: Could not find listing URL
2025-03-23 22:07:49 [ABnB_Spider] WARNING: Could not find listing URL
2025-03-23 22:07:49 [ABnB_Spider] WARNING: Could not find listing URL
2025-03-23 22:07:49 [ABnB_Spider] WARNING: Could not find listing URL
2025-03-23 22:07:49 [ABnB_Spider] WARNING: Could not find listing URL
2025-03-23 22:07:49 [ABnB_Spider] WARNING: Could not find listing URL
2025-03-23 22:07:49 [ABnB_Spider] WARNING: Could not find listing URL
2025-03-23 22:07:49 [ABnB_Spider] WARNING: Could not find listing URL
2025-03-23 22:07:49 [ABnB_Spider] WARNING: Could not find listing URL
2025-03-23 22:07:59 [ABnB_Spider] INFO: No more pages to scrape
2025-03-23 22:07:59 [scrapy.core.engine] INFO: Closing spider (finished)
2025-03-23 22:07:59 [scrapy.extensions.feedexport] INFO: Stored csv feed (0 items) in: airbnb_listings_2025-03-23T21-07-34+00-00.csv
2025-03-23 22:07:59 [scrapy.statscollectors] INFO: Dumping Scrapy stats:
{'downloader/request_bytes': 383,
 'downloader/request_count': 1,
 'downloader/request_method_count/GET': 1,
 'downloader/response_bytes': 94454,
 'downloader/response_count': 1,
 'downloader/response_status_count/200': 1,
 'elapsed_time_seconds': 24.994552,
 'feedexport/success_count/FileFeedStorage': 1,
 'finish_reason': 'finished',
 'finish_time': datetime.datetime(2025, 3, 23, 21, 7, 59, 954537, tzinfo=datetime.timezone.utc),
 'httpcompression/response_bytes': 755517,
 'httpcompression/response_count': 1,
 'log_count/INFO': 14,
 'log_count/WARNING': 19,
 'memusage/max': 60424192,
 'memusage/startup': 60424192,
 'response_received_count': 1,
 'scheduler/dequeued': 1,
 'scheduler/dequeued/memory': 1,
 'scheduler/enqueued': 1,
 'scheduler/enqueued/memory': 1,
 'start_time': datetime.datetime(2025, 3, 23, 21, 7, 34, 959985, tzinfo=datetime.timezone.utc)}
2025-03-23 22:07:59 [scrapy.core.engine] INFO: Spider closed (finished)
2025-03-23 23:33:38 [scrapy.utils.log] INFO: Scrapy 2.11.0 started (bot: airbnb_scraper)
2025-03-23 23:33:38 [scrapy.utils.log] INFO: Versions: lxml 5.2.1.0, libxml2 2.13.1, cssselect 1.2.0, parsel 1.8.1, w3lib 2.1.2, Twisted 22.10.0, Python 3.12.7 | packaged by Anaconda, Inc. | (main, Oct  4 2024, 08:22:19) [Clang 14.0.6 ], pyOpenSSL 24.2.1 (OpenSSL 3.0.16 11 Feb 2025), cryptography 43.0.0, Platform macOS-14.5-arm64-arm-64bit
2025-03-23 23:33:42 [scrapy.addons] INFO: Enabled addons:
[]
2025-03-23 23:33:42 [scrapy.extensions.telnet] INFO: Telnet Password: 48ea20cb15477226
2025-03-23 23:33:42 [py.warnings] WARNING: /opt/anaconda3/lib/python3.12/site-packages/scrapy/extensions/feedexport.py:406: ScrapyDeprecationWarning: The `FEED_URI` and `FEED_FORMAT` settings have been deprecated in favor of the `FEEDS` setting. Please see the `FEEDS` setting docs for more details
  exporter = cls(crawler)

2025-03-23 23:33:42 [scrapy.middleware] INFO: Enabled extensions:
['scrapy.extensions.corestats.CoreStats',
 'scrapy.extensions.telnet.TelnetConsole',
 'scrapy.extensions.memusage.MemoryUsage',
 'scrapy.extensions.feedexport.FeedExporter',
 'scrapy.extensions.logstats.LogStats',
 'scrapy.extensions.throttle.AutoThrottle']
2025-03-23 23:33:42 [scrapy.crawler] INFO: Overridden settings:
{'AUTOTHROTTLE_ENABLED': True,
 'BOT_NAME': 'airbnb_scraper',
 'CONCURRENT_REQUESTS': 1,
 'CONCURRENT_REQUESTS_PER_DOMAIN': 1,
 'DOWNLOAD_DELAY': 2,
 'FEED_EXPORT_ENCODING': 'utf-8',
 'LOG_FILE': 'airbnb_scraper.log',
 'LOG_LEVEL': 'INFO',
 'NEWSPIDER_MODULE': 'airbnb_scraper.spiders',
 'REQUEST_FINGERPRINTER_IMPLEMENTATION': '2.7',
 'RETRY_HTTP_CODES': [500, 502, 503, 504, 400, 403, 404, 408, 429],
 'RETRY_TIMES': 5,
 'SPIDER_MODULES': ['airbnb_scraper.spiders'],
 'TWISTED_REACTOR': 'twisted.internet.asyncioreactor.AsyncioSelectorReactor',
 'USER_AGENT': 'Mozilla/5.0 (Macintosh; Intel Mac OS X 10_15_7) '
               'AppleWebKit/537.36 (KHTML, like Gecko) Chrome/120.0.0.0 '
               'Safari/537.36'}
2025-03-23 23:33:42 [scrapy.middleware] INFO: Enabled downloader middlewares:
['scrapy.downloadermiddlewares.retry.RetryMiddleware',
 'scrapy.downloadermiddlewares.httpproxy.HttpProxyMiddleware',
 'scrapy.downloadermiddlewares.httpauth.HttpAuthMiddleware',
 'scrapy.downloadermiddlewares.downloadtimeout.DownloadTimeoutMiddleware',
 'scrapy.downloadermiddlewares.defaultheaders.DefaultHeadersMiddleware',
 'scrapy.downloadermiddlewares.useragent.UserAgentMiddleware',
 'scrapy.downloadermiddlewares.redirect.MetaRefreshMiddleware',
 'scrapy.downloadermiddlewares.httpcompression.HttpCompressionMiddleware',
 'scrapy.downloadermiddlewares.redirect.RedirectMiddleware',
 'scrapy.downloadermiddlewares.cookies.CookiesMiddleware',
 'scrapy.downloadermiddlewares.stats.DownloaderStats']
2025-03-23 23:33:42 [scrapy.middleware] INFO: Enabled spider middlewares:
['scrapy.spidermiddlewares.httperror.HttpErrorMiddleware',
 'scrapy.spidermiddlewares.offsite.OffsiteMiddleware',
 'scrapy.spidermiddlewares.referer.RefererMiddleware',
 'scrapy.spidermiddlewares.urllength.UrlLengthMiddleware',
 'scrapy.spidermiddlewares.depth.DepthMiddleware']
2025-03-23 23:33:42 [scrapy.middleware] INFO: Enabled item pipelines:
['airbnb_scraper.pipelines.AirbnbScraperPipeline']
2025-03-23 23:33:42 [scrapy.core.engine] INFO: Spider opened
2025-03-23 23:33:42 [scrapy.extensions.logstats] INFO: Crawled 0 pages (at 0 pages/min), scraped 0 items (at 0 items/min)
2025-03-23 23:33:42 [scrapy.extensions.telnet] INFO: Telnet console listening on 127.0.0.1:6023
2025-03-23 23:34:01 [airbnb] INFO: Saved HTML for page 1 to airbnb_data/html_pages/page_1_2025-06-26_to_2025-06-29.html
2025-03-23 23:34:01 [airbnb] INFO: Found 24 listing containers
2025-03-23 23:34:02 [airbnb] INFO: Successfully extracted 0 listings on current page
2025-03-23 23:34:02 [airbnb] WARNING: No listings found on page 1 for 2025-06-26_to_2025-06-29
2025-03-23 23:34:21 [airbnb] INFO: Saved HTML for page 1 to airbnb_data/html_pages/page_1_2025-10-09_to_2025-10-19.html
2025-03-23 23:34:21 [airbnb] INFO: Found 18 listing containers
2025-03-23 23:34:21 [airbnb] INFO: Successfully extracted 0 listings on current page
2025-03-23 23:34:21 [airbnb] WARNING: No listings found on page 1 for 2025-10-09_to_2025-10-19
2025-03-23 23:34:21 [scrapy.core.engine] INFO: Closing spider (finished)
2025-03-23 23:34:21 [airbnb] INFO: Saved 0 listings to airbnb_data/airbnb_listings_2025-06-26_to_2025-06-29.csv
2025-03-23 23:34:21 [airbnb] INFO: Saved 0 listings to airbnb_data/airbnb_listings_2025-10-09_to_2025-10-19.csv
2025-03-23 23:34:21 [airbnb] INFO: Summary created at airbnb_data/airbnb_all_listings.csv
2025-03-23 23:34:21 [airbnb] INFO: Date range 2025-06-26_to_2025-06-29: 0 listings
2025-03-23 23:34:21 [airbnb] INFO: Date range 2025-10-09_to_2025-10-19: 0 listings
2025-03-23 23:34:21 [scrapy.extensions.feedexport] INFO: Stored csv feed (0 items) in: juni.csv
2025-03-23 23:34:21 [scrapy.statscollectors] INFO: Dumping Scrapy stats:
{'downloader/request_bytes': 983,
 'downloader/request_count': 2,
 'downloader/request_method_count/GET': 2,
 'downloader/response_bytes': 184204,
 'downloader/response_count': 2,
 'downloader/response_status_count/200': 2,
 'elapsed_time_seconds': 38.799465,
 'feedexport/success_count/FileFeedStorage': 1,
 'finish_reason': 'finished',
 'finish_time': datetime.datetime(2025, 3, 23, 22, 34, 21, 745433, tzinfo=datetime.timezone.utc),
 'httpcompression/response_bytes': 1490787,
 'httpcompression/response_count': 2,
 'log_count/INFO': 22,
 'log_count/WARNING': 3,
 'memusage/max': 60850176,
 'memusage/startup': 60850176,
 'response_received_count': 2,
 'scheduler/dequeued': 2,
 'scheduler/dequeued/memory': 2,
 'scheduler/enqueued': 2,
 'scheduler/enqueued/memory': 2,
 'start_time': datetime.datetime(2025, 3, 23, 22, 33, 42, 945968, tzinfo=datetime.timezone.utc)}
2025-03-23 23:34:21 [scrapy.core.engine] INFO: Spider closed (finished)
